{"timestamp":"2026-03-01T08:33:13.981Z","method":"POST","path":"/login","user":null,"statusCode":401,"ip":"::1"}
{"timestamp":"2026-03-01T08:33:48.223Z","method":"POST","path":"/login","user":null,"statusCode":200,"ip":"::1"}
{"timestamp":"2026-03-01T08:34:58.547Z","method":"POST","path":"/login","user":null,"statusCode":200,"ip":"::1"}
{"timestamp":"2026-03-01T08:35:33.781Z","method":"POST","path":"/login","user":null,"statusCode":200,"ip":"::1"}
{"timestamp":"2026-03-01T08:36:04.511Z","method":"POST","path":"/login","user":null,"statusCode":200,"ip":"::1"}
{"timestamp":"2026-03-01T08:40:55.080Z","method":"POST","path":"/login","user":null,"statusCode":200,"ip":"::1"}
{"timestamp":"2026-03-01T08:42:42.532Z","method":"POST","path":"/","user":{"id":4,"role":"CITIZEN"},"statusCode":201,"ip":"::1"}
{"timestamp":"2026-03-01T08:43:11.513Z","method":"POST","path":"/login","user":null,"statusCode":200,"ip":"::1"}
{"timestamp":"2026-03-01T08:44:56.213Z","method":"POST","path":"/login","user":null,"statusCode":200,"ip":"::1"}
{"timestamp":"2026-03-01T08:45:53.735Z","method":"POST","path":"/login","user":null,"statusCode":200,"ip":"::1"}
{"timestamp":"2026-03-01T08:45:58.284Z","method":"PATCH","path":"/5/status","user":{"id":5,"role":"WORKER"},"statusCode":200,"ip":"::1"}
{"timestamp":"2026-03-01T08:46:06.440Z","method":"POST","path":"/login","user":null,"statusCode":200,"ip":"::1"}
{"timestamp":"2026-03-01T08:46:15.886Z","method":"POST","path":"/login","user":null,"statusCode":200,"ip":"::1"}
{"timestamp":"2026-03-01T10:52:21.397Z","method":"POST","path":"/login","user":null,"statusCode":200,"ip":"::1"}
{"timestamp":"2026-03-01T10:53:20.527Z","method":"POST","path":"/login","user":null,"statusCode":200,"ip":"::1"}
{"timestamp":"2026-03-01T11:07:47.852Z","method":"POST","path":"/login","user":null,"statusCode":200,"ip":"::1"}
{"timestamp":"2026-03-01T11:08:36.701Z","method":"POST","path":"/login","user":null,"statusCode":200,"ip":"::1"}
{"timestamp":"2026-03-01T11:09:43.981Z","method":"POST","path":"/login","user":null,"statusCode":200,"ip":"::1"}
{"timestamp":"2026-03-01T11:10:38.465Z","method":"POST","path":"/login","user":null,"statusCode":200,"ip":"::1"}
{"timestamp":"2026-03-01T11:19:55.286Z","method":"PATCH","path":"/4/status","user":{"id":3,"role":"WORKER"},"statusCode":200,"ip":"::1"}
{"timestamp":"2026-03-01T11:30:27.280Z","method":"POST","path":"/login","user":null,"statusCode":200,"ip":"::1"}
{"timestamp":"2026-03-01T11:32:03.118Z","method":"POST","path":"/login","user":null,"statusCode":200,"ip":"::1"}
{"timestamp":"2026-03-01T11:32:08.361Z","method":"POST","path":"/login","user":null,"statusCode":200,"ip":"::1"}
{"timestamp":"2026-03-01T11:32:36.927Z","method":"POST","path":"/login","user":null,"statusCode":200,"ip":"::1"}
{"timestamp":"2026-03-01T11:33:39.526Z","method":"POST","path":"/login","user":null,"statusCode":200,"ip":"::1"}
{"timestamp":"2026-03-01T11:34:03.129Z","method":"POST","path":"/login","user":null,"statusCode":200,"ip":"::1"}
{"timestamp":"2026-03-01T11:36:19.164Z","method":"POST","path":"/login","user":null,"statusCode":200,"ip":"::1"}
{"timestamp":"2026-03-01T11:37:28.523Z","method":"POST","path":"/login","user":null,"statusCode":200,"ip":"::1"}
{"timestamp":"2026-03-01T11:38:02.519Z","method":"PATCH","path":"/issues/2/reassign","user":{"id":2,"role":"SUPERVISOR"},"statusCode":200,"ip":"::1"}
{"timestamp":"2026-03-01T11:38:16.880Z","method":"POST","path":"/login","user":null,"statusCode":200,"ip":"::1"}
{"timestamp":"2026-03-01T11:38:25.676Z","method":"POST","path":"/login","user":null,"statusCode":200,"ip":"::1"}
{"timestamp":"2026-03-01T11:42:35.207Z","method":"POST","path":"/login","user":null,"statusCode":200,"ip":"::1"}
{"timestamp":"2026-03-01T11:42:41.179Z","method":"POST","path":"/login","user":null,"statusCode":200,"ip":"::1"}
{"timestamp":"2026-03-01T11:42:46.953Z","method":"POST","path":"/","user":{"id":4,"role":"CITIZEN"},"statusCode":201,"ip":"::1"}
{"timestamp":"2026-03-01T11:42:57.195Z","method":"POST","path":"/login","user":null,"statusCode":200,"ip":"::1"}
{"timestamp":"2026-03-01T11:44:53.908Z","method":"PATCH","path":"/2/status","user":{"id":5,"role":"WORKER"},"statusCode":400,"ip":"::1"}
{"timestamp":"2026-03-01T11:45:03.987Z","method":"PATCH","path":"/2/status","user":{"id":5,"role":"WORKER"},"statusCode":400,"ip":"::1"}
{"timestamp":"2026-03-01T11:45:04.261Z","method":"PATCH","path":"/2/status","user":{"id":5,"role":"WORKER"},"statusCode":400,"ip":"::1"}
{"timestamp":"2026-03-01T11:45:04.565Z","method":"PATCH","path":"/2/status","user":{"id":5,"role":"WORKER"},"statusCode":400,"ip":"::1"}
{"timestamp":"2026-03-01T11:45:04.831Z","method":"PATCH","path":"/2/status","user":{"id":5,"role":"WORKER"},"statusCode":400,"ip":"::1"}
{"timestamp":"2026-03-01T11:45:05.080Z","method":"PATCH","path":"/2/status","user":{"id":5,"role":"WORKER"},"statusCode":400,"ip":"::1"}
{"timestamp":"2026-03-01T11:51:12.190Z","method":"PATCH","path":"/2/status","user":{"id":5,"role":"WORKER"},"statusCode":200,"ip":"::1"}
{"timestamp":"2026-03-01T11:51:42.722Z","method":"POST","path":"/login","user":null,"statusCode":200,"ip":"::1"}
{"timestamp":"2026-03-01T11:52:09.291Z","method":"POST","path":"/login","user":null,"statusCode":401,"ip":"::1"}
{"timestamp":"2026-03-01T11:52:10.491Z","method":"POST","path":"/login","user":null,"statusCode":401,"ip":"::1"}
{"timestamp":"2026-03-01T11:52:11.818Z","method":"POST","path":"/login","user":null,"statusCode":401,"ip":"::1"}
{"timestamp":"2026-03-01T11:52:12.605Z","method":"POST","path":"/login","user":null,"statusCode":401,"ip":"::1"}
{"timestamp":"2026-03-01T11:52:13.206Z","method":"POST","path":"/login","user":null,"statusCode":401,"ip":"::1"}
{"timestamp":"2026-03-01T11:52:13.463Z","method":"POST","path":"/login","user":null,"statusCode":401,"ip":"::1"}
{"timestamp":"2026-03-01T11:52:13.605Z","method":"POST","path":"/login","user":null,"statusCode":401,"ip":"::1"}
{"timestamp":"2026-03-01T11:52:13.922Z","method":"POST","path":"/login","user":null,"statusCode":401,"ip":"::1"}
{"timestamp":"2026-03-01T11:52:14.308Z","method":"POST","path":"/login","user":null,"statusCode":401,"ip":"::1"}
{"timestamp":"2026-03-01T11:52:17.661Z","method":"POST","path":"/login","user":null,"statusCode":429,"ip":"::1"}
{"timestamp":"2026-03-01T11:52:17.662Z","method":"POST","path":"/login","user":null,"statusCode":429,"ip":"::1"}
{"timestamp":"2026-03-01T11:52:19.145Z","method":"POST","path":"/login","user":null,"statusCode":429,"ip":"::1"}
{"timestamp":"2026-03-01T11:52:19.145Z","method":"POST","path":"/login","user":null,"statusCode":429,"ip":"::1"}
{"timestamp":"2026-03-01T11:52:28.153Z","method":"POST","path":"/login","user":null,"statusCode":429,"ip":"::1"}
{"timestamp":"2026-03-01T11:52:28.155Z","method":"POST","path":"/login","user":null,"statusCode":429,"ip":"::1"}
{"timestamp":"2026-03-01T11:52:31.408Z","method":"POST","path":"/login","user":null,"statusCode":429,"ip":"::1"}
{"timestamp":"2026-03-01T11:52:31.408Z","method":"POST","path":"/login","user":null,"statusCode":429,"ip":"::1"}
{"timestamp":"2026-03-01T11:52:36.354Z","method":"POST","path":"/login","user":null,"statusCode":429,"ip":"::1"}
{"timestamp":"2026-03-01T11:52:36.356Z","method":"POST","path":"/login","user":null,"statusCode":429,"ip":"::1"}
{"timestamp":"2026-03-01T11:52:46.732Z","method":"POST","path":"/login","user":null,"statusCode":200,"ip":"::1"}
{"timestamp":"2026-03-01T11:52:57.857Z","method":"PATCH","path":"/issues/6/reassign","user":{"id":2,"role":"SUPERVISOR"},"statusCode":200,"ip":"::1"}
{"timestamp":"2026-03-01T11:53:03.776Z","method":"POST","path":"/login","user":null,"statusCode":200,"ip":"::1"}
{"timestamp":"2026-03-01T11:53:22.141Z","method":"POST","path":"/login","user":null,"statusCode":200,"ip":"::1"}
{"timestamp":"2026-03-01T11:53:50.230Z","method":"POST","path":"/login","user":null,"statusCode":200,"ip":"::1"}
{"timestamp":"2026-03-01T11:54:01.026Z","method":"POST","path":"/","user":{"id":6,"role":"CITIZEN"},"statusCode":201,"ip":"::1"}
{"timestamp":"2026-03-01T11:54:11.443Z","method":"POST","path":"/login","user":null,"statusCode":200,"ip":"::1"}
{"timestamp":"2026-03-01T11:54:14.720Z","method":"PATCH","path":"/8/status","user":{"id":3,"role":"WORKER"},"statusCode":200,"ip":"::1"}
{"timestamp":"2026-03-01T11:54:38.441Z","method":"POST","path":"/login","user":null,"statusCode":200,"ip":"::1"}
{"timestamp":"2026-03-01T11:54:48.642Z","method":"POST","path":"/8/media","user":{"id":3,"role":"WORKER"},"statusCode":200,"ip":"::1"}
{"timestamp":"2026-03-01T11:54:48.671Z","method":"PATCH","path":"/8/status","user":{"id":3,"role":"WORKER"},"statusCode":200,"ip":"::1"}
{"timestamp":"2026-03-01T11:54:57.871Z","method":"POST","path":"/login","user":null,"statusCode":200,"ip":"::1"}
{"timestamp":"2026-03-01T11:55:14.112Z","method":"POST","path":"/login","user":null,"statusCode":200,"ip":"::1"}
{"timestamp":"2026-03-01T11:55:39.693Z","method":"POST","path":"/8/verify","user":{"id":6,"role":"CITIZEN"},"statusCode":200,"ip":"::1"}
{"timestamp":"2026-03-01T11:58:26.682Z","method":"POST","path":"/login","user":null,"statusCode":200,"ip":"::1"}
{"timestamp":"2026-03-01T11:58:46.019Z","method":"POST","path":"/","user":{"id":4,"role":"CITIZEN"},"statusCode":201,"ip":"::1"}
{"timestamp":"2026-03-01T11:58:49.756Z","method":"POST","path":"/","user":{"id":4,"role":"CITIZEN"},"statusCode":201,"ip":"::1"}
